TN:
SF:src\app.js
FN:13,(anonymous_0)
FN:16,(anonymous_1)
FN:53,(anonymous_2)
FN:57,(anonymous_3)
FN:59,(anonymous_4)
FN:66,(anonymous_5)
FN:67,(anonymous_6)
FN:73,(anonymous_7)
FN:74,(anonymous_8)
FN:80,(anonymous_9)
FN:81,(anonymous_10)
FN:87,(anonymous_11)
FN:88,(anonymous_12)
FN:94,(anonymous_13)
FN:95,(anonymous_14)
FN:100,(anonymous_15)
FN:102,(anonymous_16)
FN:108,(anonymous_17)
FN:110,(anonymous_18)
FN:117,(anonymous_19)
FN:118,(anonymous_20)
FN:121,(anonymous_21)
FN:127,(anonymous_22)
FN:129,(anonymous_23)
FN:132,(anonymous_24)
FN:138,(anonymous_25)
FN:140,(anonymous_26)
FN:143,(anonymous_27)
FNF:28
FNH:8
FNDA:1,(anonymous_0)
FNDA:0,(anonymous_1)
FNDA:1,(anonymous_2)
FNDA:0,(anonymous_3)
FNDA:0,(anonymous_4)
FNDA:0,(anonymous_5)
FNDA:0,(anonymous_6)
FNDA:0,(anonymous_7)
FNDA:0,(anonymous_8)
FNDA:0,(anonymous_9)
FNDA:0,(anonymous_10)
FNDA:0,(anonymous_11)
FNDA:0,(anonymous_12)
FNDA:0,(anonymous_13)
FNDA:0,(anonymous_14)
FNDA:1,(anonymous_15)
FNDA:1,(anonymous_16)
FNDA:1,(anonymous_17)
FNDA:1,(anonymous_18)
FNDA:0,(anonymous_19)
FNDA:0,(anonymous_20)
FNDA:0,(anonymous_21)
FNDA:0,(anonymous_22)
FNDA:0,(anonymous_23)
FNDA:0,(anonymous_24)
FNDA:1,(anonymous_25)
FNDA:1,(anonymous_26)
FNDA:0,(anonymous_27)
DA:11,1
DA:12,1
DA:14,1
DA:17,0
DA:21,1
DA:25,1
DA:28,1
DA:30,1
DA:32,1
DA:34,1
DA:36,1
DA:38,1
DA:43,1
DA:45,1
DA:48,1
DA:50,1
DA:51,1
DA:53,1
DA:54,1
DA:57,1
DA:58,0
DA:59,0
DA:60,0
DA:66,1
DA:67,0
DA:68,0
DA:73,1
DA:74,0
DA:75,0
DA:80,1
DA:81,0
DA:82,0
DA:87,1
DA:88,0
DA:89,0
DA:94,1
DA:95,0
DA:96,0
DA:100,1
DA:101,1
DA:102,1
DA:103,1
DA:108,1
DA:109,1
DA:110,1
DA:111,1
DA:117,1
DA:118,0
DA:119,0
DA:120,0
DA:122,0
DA:123,0
DA:127,1
DA:128,0
DA:130,0
DA:131,0
DA:133,0
DA:134,0
DA:138,1
DA:140,1
DA:141,1
DA:142,1
DA:144,0
DA:145,0
LF:64
LH:38
BRF:0
BRH:0
end_of_record
TN:
SF:src\models\appointments.js
FNF:0
FNH:0
DA:4,1
DA:30,1
LF:2
LH:2
BRF:0
BRH:0
end_of_record
TN:
SF:src\models\doctor.js
FNF:0
FNH:0
DA:4,1
DA:27,1
LF:2
LH:2
BRF:0
BRH:0
end_of_record
TN:
SF:src\models\patientHistory.js
FNF:0
FNH:0
DA:4,1
DA:26,1
LF:2
LH:2
BRF:0
BRH:0
end_of_record
TN:
SF:src\models\patients.js
FNF:0
FNH:0
DA:4,1
DA:26,1
LF:2
LH:2
BRF:0
BRH:0
end_of_record
TN:
SF:src\models\specialities.js
FNF:0
FNH:0
DA:4,1
DA:13,1
LF:2
LH:2
BRF:0
BRH:0
end_of_record
TN:
SF:src\models\timeSlot.js
FNF:0
FNH:0
DA:4,1
DA:15,1
LF:2
LH:2
BRF:0
BRH:0
end_of_record
